<?xml version="1.0" encoding="UTF-8"?>
<!-- Generated by org.testng.reporters.JUnitReportReporter -->
<testsuite skipped="0" hostname="DESKTOP-B16COSM" name="com.qa.hubspot.test.HomePageTest" tests="2" failures="0" timestamp="05 Sep 2020 20:19:37 GMT" time="7.881" errors="0">
  <testcase name="homePageHeaderTest" time="7.209" classname="com.qa.hubspot.test.HomePageTest"/>
  <testcase name="homePageTitleTest" time="0.672" classname="com.qa.hubspot.test.HomePageTest"/>
</testsuite> <!-- com.qa.hubspot.test.HomePageTest -->
