<?xml version="1.0" encoding="UTF-8"?>
<!-- Generated by org.testng.reporters.JUnitReportReporter -->
<testsuite skipped="0" hostname="DESKTOP-B16COSM" name="com.qa.hubspot.test.ContactsPageTest" tests="4" failures="0" timestamp="24 Sep 2020 12:09:50 GMT" time="63.599" errors="0">
  <testcase name="contactsPageTitleTest" time="0.212" classname="com.qa.hubspot.test.ContactsPageTest"/>
  <testcase name="checkContacts" time="21.336" classname="com.qa.hubspot.test.ContactsPageTest"/>
  <testcase name="checkContacts" time="19.427" classname="com.qa.hubspot.test.ContactsPageTest"/>
  <testcase name="checkContacts" time="22.624" classname="com.qa.hubspot.test.ContactsPageTest"/>
</testsuite> <!-- com.qa.hubspot.test.ContactsPageTest -->
