<?xml version="1.0" encoding="UTF-8"?>
<!-- Generated by org.testng.reporters.JUnitReportReporter -->
<testsuite skipped="0" hostname="DESKTOP-B16COSM" name="com.qa.hubspot.test.LoginPageTest" tests="2" failures="0" timestamp="24 Sep 2020 12:09:50 GMT" time="14.004" errors="0">
  <testcase name="titleTest" time="5.527" classname="com.qa.hubspot.test.LoginPageTest"/>
  <testcase name="loginTest" time="8.477" classname="com.qa.hubspot.test.LoginPageTest"/>
</testsuite> <!-- com.qa.hubspot.test.LoginPageTest -->
