<?xml version="1.0" encoding="UTF-8"?>
<!-- Generated by org.testng.reporters.JUnitReportReporter -->
<testsuite skipped="0" hostname="DESKTOP-B16COSM" name="com.qa.hubspot.test.LoginPageTest" tests="2" failures="0" timestamp="05 Sep 2020 20:04:27 GMT" time="16.920" errors="0">
  <testcase name="titleTest" time="7.873" classname="com.qa.hubspot.test.LoginPageTest"/>
  <testcase name="loginTest" time="9.047" classname="com.qa.hubspot.test.LoginPageTest"/>
</testsuite> <!-- com.qa.hubspot.test.LoginPageTest -->
