<?xml version="1.0" encoding="UTF-8"?>
<!-- Generated by org.testng.reporters.JUnitReportReporter -->
<testsuite skipped="0" hostname="DESKTOP-B16COSM" name="com.qa.hubspot.test.HomePageTest" tests="2" failures="0" timestamp="24 Sep 2020 12:09:50 GMT" time="1.718" errors="0">
  <testcase name="homePageHeaderTest" time="1.502" classname="com.qa.hubspot.test.HomePageTest"/>
  <testcase name="homePageTitleTest" time="0.216" classname="com.qa.hubspot.test.HomePageTest"/>
</testsuite> <!-- com.qa.hubspot.test.HomePageTest -->
