<?xml version="1.0" encoding="UTF-8"?>
<!-- Generated by org.testng.reporters.JUnitReportReporter -->
<testsuite skipped="0" hostname="DESKTOP-B16COSM" name="com.qa.hubspot.test.ContactsPageTest" tests="4" failures="0" timestamp="22 Sep 2020 13:59:05 GMT" time="84.212" errors="0">
  <testcase name="contactsPageTitleTest" time="0.282" classname="com.qa.hubspot.test.ContactsPageTest"/>
  <testcase name="checkContacts" time="22.309" classname="com.qa.hubspot.test.ContactsPageTest"/>
  <testcase name="checkContacts" time="26.009" classname="com.qa.hubspot.test.ContactsPageTest"/>
  <testcase name="checkContacts" time="35.612" classname="com.qa.hubspot.test.ContactsPageTest"/>
</testsuite> <!-- com.qa.hubspot.test.ContactsPageTest -->
