<?xml version="1.0" encoding="UTF-8"?>
<!-- Generated by org.testng.reporters.JUnitReportReporter -->
<testsuite skipped="0" hostname="DESKTOP-B16COSM" name="com.qa.hubspot.test.LoginPageTest" tests="2" failures="0" timestamp="22 Sep 2020 13:59:05 GMT" time="23.123" errors="0">
  <testcase name="titleTest" time="6.994" classname="com.qa.hubspot.test.LoginPageTest"/>
  <testcase name="loginTest" time="16.129" classname="com.qa.hubspot.test.LoginPageTest"/>
</testsuite> <!-- com.qa.hubspot.test.LoginPageTest -->
